d:\development\programming\repositories\nac-tools\widtools\build\debug\x64\debug\vc142.pdb
d:\development\programming\repositories\nac-tools\widtools\build\debug\x64\debug\vc142.idb
d:\development\programming\repositories\nac-tools\widtools\build\debug\x64\debug\writebsp.obj
d:\development\programming\repositories\nac-tools\widtools\build\debug\x64\debug\tree.obj
d:\development\programming\repositories\nac-tools\widtools\build\debug\x64\debug\textures.obj
d:\development\programming\repositories\nac-tools\widtools\build\debug\x64\debug\4bsp.obj
d:\development\programming\repositories\nac-tools\widtools\build\debug\x64\debug\prtfile.obj
d:\development\programming\repositories\nac-tools\widtools\build\debug\x64\debug\portals.obj
d:\development\programming\repositories\nac-tools\widtools\build\debug\x64\debug\map.obj
d:\development\programming\repositories\nac-tools\widtools\build\debug\x64\debug\leakfile.obj
d:\development\programming\repositories\nac-tools\widtools\build\debug\x64\debug\faces.obj
d:\development\programming\repositories\nac-tools\widtools\build\debug\x64\debug\csg.obj
d:\development\programming\repositories\nac-tools\widtools\build\debug\x64\debug\brushbsp.obj
d:\development\programming\repositories\nac-tools\widtools\build\debug\x64\debug\threads.obj
d:\development\programming\repositories\nac-tools\widtools\build\debug\x64\debug\scriplib.obj
d:\development\programming\repositories\nac-tools\widtools\build\debug\x64\debug\polylib.obj
d:\development\programming\repositories\nac-tools\widtools\build\debug\x64\debug\mathlib.obj
d:\development\programming\repositories\nac-tools\widtools\build\debug\x64\debug\cmdlib.obj
d:\development\programming\repositories\nac-tools\widtools\build\debug\x64\debug\bspfile.obj
d:\development\programming\repositories\nac-tools\widtools\build\debug\x64\debug\widbsp.ilk
d:\development\programming\repositories\nac-tools\widtools\build\debug\x64\debug\widbsp.exe
d:\development\programming\repositories\nac-tools\widtools\build\debug\x64\debug\widbsp.pdb
d:\development\programming\repositories\nac-tools\widtools\build\debug\x64\debug\widbsp.tlog\cl.command.1.tlog
d:\development\programming\repositories\nac-tools\widtools\build\debug\x64\debug\widbsp.tlog\cl.read.1.tlog
d:\development\programming\repositories\nac-tools\widtools\build\debug\x64\debug\widbsp.tlog\cl.write.1.tlog
d:\development\programming\repositories\nac-tools\widtools\build\debug\x64\debug\widbsp.tlog\link.command.1.tlog
d:\development\programming\repositories\nac-tools\widtools\build\debug\x64\debug\widbsp.tlog\link.read.1.tlog
d:\development\programming\repositories\nac-tools\widtools\build\debug\x64\debug\widbsp.tlog\link.write.1.tlog
