d:\development\programming\repositories\nac-tools\widtools\build\debug\x64\debug\4bsp.obj
d:\development\programming\repositories\nac-tools\widtools\build\debug\x64\debug\brushbsp.obj
d:\development\programming\repositories\nac-tools\widtools\build\debug\x64\debug\bspfile.obj
d:\development\programming\repositories\nac-tools\widtools\build\debug\x64\debug\cmdlib.obj
d:\development\programming\repositories\nac-tools\widtools\build\debug\x64\debug\csg.obj
d:\development\programming\repositories\nac-tools\widtools\build\debug\x64\debug\faces.obj
d:\development\programming\repositories\nac-tools\widtools\build\debug\x64\debug\leakfile.obj
d:\development\programming\repositories\nac-tools\widtools\build\debug\x64\debug\map.obj
d:\development\programming\repositories\nac-tools\widtools\build\debug\x64\debug\mathlib.obj
d:\development\programming\repositories\nac-tools\widtools\build\debug\x64\debug\polylib.obj
d:\development\programming\repositories\nac-tools\widtools\build\debug\x64\debug\portals.obj
d:\development\programming\repositories\nac-tools\widtools\build\debug\x64\debug\prtfile.obj
d:\development\programming\repositories\nac-tools\widtools\build\debug\x64\debug\scriplib.obj
d:\development\programming\repositories\nac-tools\widtools\build\debug\x64\debug\textures.obj
d:\development\programming\repositories\nac-tools\widtools\build\debug\x64\debug\threads.obj
d:\development\programming\repositories\nac-tools\widtools\build\debug\x64\debug\tree.obj
d:\development\programming\repositories\nac-tools\widtools\build\debug\x64\debug\writebsp.obj
d:\development\programming\repositories\nac-tools\widtools\build\debug\x64\debug\widbsp.ilk
d:\development\programming\repositories\nac-tools\widtools\build\debug\x64\debug\widvis.ilk
d:\development\programming\repositories\nac-tools\widtools\build\debug\x64\debug\vc142.idb
d:\development\programming\repositories\nac-tools\widtools\build\debug\x64\debug\vc142.pdb
d:\development\programming\repositories\nac-tools\widtools\build\debug\x64\debug\widvis.pdb
d:\development\programming\repositories\nac-tools\widtools\build\debug\x64\debug\widrad.tlog\cl.command.1.tlog
