d:\development\programming\repositories\nac-tools\widtools\build\debug\debug\vc142.pdb
d:\development\programming\repositories\nac-tools\widtools\build\debug\debug\vc142.idb
d:\development\programming\repositories\nac-tools\widtools\build\debug\debug\4vis.obj
d:\development\programming\repositories\nac-tools\widtools\build\debug\debug\flow.obj
d:\development\programming\repositories\nac-tools\widtools\build\debug\debug\trilib.obj
d:\development\programming\repositories\nac-tools\widtools\build\debug\debug\threads.obj
d:\development\programming\repositories\nac-tools\widtools\build\debug\debug\scriplib.obj
d:\development\programming\repositories\nac-tools\widtools\build\debug\debug\mdfour.obj
d:\development\programming\repositories\nac-tools\widtools\build\debug\debug\mathlib.obj
d:\development\programming\repositories\nac-tools\widtools\build\debug\debug\llwolib.obj
d:\development\programming\repositories\nac-tools\widtools\build\debug\debug\l3dslib.obj
d:\development\programming\repositories\nac-tools\widtools\build\debug\debug\cmdlib.obj
d:\development\programming\repositories\nac-tools\widtools\build\debug\debug\bspfile.obj
d:\development\programming\repositories\nac-tools\widtools\build\debug\x64\debug\widvis.ilk
d:\development\programming\repositories\nac-tools\widtools\build\debug\x64\debug\widvis.exe
d:\development\programming\repositories\nac-tools\widtools\build\debug\x64\debug\widvis.pdb
d:\development\programming\repositories\nac-tools\widtools\build\debug\debug\widvis.tlog\cl.command.1.tlog
d:\development\programming\repositories\nac-tools\widtools\build\debug\debug\widvis.tlog\cl.read.1.tlog
d:\development\programming\repositories\nac-tools\widtools\build\debug\debug\widvis.tlog\cl.write.1.tlog
d:\development\programming\repositories\nac-tools\widtools\build\debug\debug\widvis.tlog\link.command.1.tlog
d:\development\programming\repositories\nac-tools\widtools\build\debug\debug\widvis.tlog\link.read.1.tlog
d:\development\programming\repositories\nac-tools\widtools\build\debug\debug\widvis.tlog\link.write.1.tlog
